#! /usr/bin/vvp
:ivl_version "11.0 (stable)";
:ivl_delay_selection "TYPICAL";
:vpi_time_precision - 12;
:vpi_module "/usr/lib/x86_64-linux-gnu/ivl/system.vpi";
:vpi_module "/usr/lib/x86_64-linux-gnu/ivl/vhdl_sys.vpi";
:vpi_module "/usr/lib/x86_64-linux-gnu/ivl/vhdl_textio.vpi";
:vpi_module "/usr/lib/x86_64-linux-gnu/ivl/v2005_math.vpi";
:vpi_module "/usr/lib/x86_64-linux-gnu/ivl/va_math.vpi";
S_0x619747628ad0 .scope module, "tb_topModule" "tb_topModule" 2 3;
 .timescale -9 -12;
P_0x619747684070 .param/l "BAUD_RATE" 1 2 80, +C4<00000000000000011100001000000000>;
P_0x6197476840b0 .param/l "BIT_PERIOD" 1 2 81, +C4<00000000000000000010000111101000>;
L_0x6197476aeb30 .functor BUFZ 1, v0x6197476e2f70_0, C4<0>, C4<0>, C4<0>;
v0x6197476e2da0_0 .var "clk", 0 0;
v0x6197476e2e60_0 .var "receiveData", 0 0;
v0x6197476e2f70_0 .var "reset", 0 0;
v0x6197476e3010_0 .net "reset1", 0 0, L_0x6197476aeb30;  1 drivers
v0x6197476e3140_0 .net "transmitData", 0 0, v0x6197476e06e0_0;  1 drivers
S_0x619747627790 .scope module, "DUT" "topModule" 2 37, 3 623 0, S_0x619747628ad0;
 .timescale -9 -12;
    .port_info 0 /INPUT 1 "receiveData";
    .port_info 1 /INPUT 1 "clk";
    .port_info 2 /OUTPUT 1 "transmitData";
    .port_info 3 /OUTPUT 1 "reset";
v0x6197476e20e0_0 .net "byte_packed", 0 0, v0x6197476a2fd0_0;  1 drivers
v0x6197476e21a0_0 .net "clk", 0 0, v0x6197476e2da0_0;  1 drivers
v0x6197476e2260_0 .net "max_distance_angle", 15 0, v0x6197476de490_0;  1 drivers
v0x6197476e2350_0 .net "min_distance_angle", 15 0, v0x6197476de7f0_0;  1 drivers
v0x6197476e2440_0 .net "obs_alert", 15 0, v0x6197476deb70_0;  1 drivers
v0x6197476e25a0_0 .net "parallel_data", 7 0, v0x6197476a02d0_0;  1 drivers
v0x6197476e26b0_0 .net "receiveData", 0 0, v0x6197476e2e60_0;  1 drivers
v0x6197476e2750_0 .net "reset", 0 0, L_0x6197476aeb30;  alias, 1 drivers
v0x6197476e27f0_0 .net "sendData", 0 0, v0x6197476df100_0;  1 drivers
v0x6197476e2890_0 .net "transmitData", 0 0, v0x6197476e06e0_0;  alias, 1 drivers
S_0x6197476b1e20 .scope module, "Bulbasaur" "RxD" 3 660, 3 294 0, S_0x619747627790;
 .timescale -9 -12;
    .port_info 0 /INPUT 1 "clk";
    .port_info 1 /INPUT 1 "reset";
    .port_info 2 /INPUT 1 "serial_input";
    .port_info 3 /OUTPUT 8 "parallel_data";
    .port_info 4 /OUTPUT 1 "byte_packed";
    .port_info 5 /OUTPUT 1 "state";
    .port_info 6 /OUTPUT 4 "bit_counter";
v0x6197476ac270_0 .var "baud_clk", 0 0;
v0x6197476aecd0_0 .var "baud_counter", 8 0;
v0x6197476b1190_0 .var "bit_counter", 3 0;
v0x6197476a2fd0_0 .var "byte_packed", 0 0;
v0x6197476a6390_0 .net "clk", 0 0, v0x6197476e2da0_0;  alias, 1 drivers
v0x61974769d6a0_0 .var "delayOneMomentPliz", 0 0;
v0x6197476a02d0_0 .var "parallel_data", 7 0;
v0x6197476daf30_0 .net "reset", 0 0, L_0x6197476aeb30;  alias, 1 drivers
v0x6197476daff0_0 .var "reset_internal", 0 0;
v0x6197476db0b0_0 .net "serial_input", 0 0, v0x6197476e2e60_0;  alias, 1 drivers
v0x6197476db170_0 .var "startBaud", 0 0;
v0x6197476db230_0 .var "state", 0 0;
E_0x61974766e8c0 .event posedge, v0x6197476ac270_0;
E_0x61974766ed70 .event posedge, v0x6197476a6390_0;
E_0x619747623a70 .event posedge, v0x6197476daff0_0, v0x6197476daf30_0, v0x6197476a6390_0;
S_0x6197476275d0 .scope module, "Charmander" "distanceProcess" 3 667, 3 41 0, S_0x619747627790;
 .timescale -9 -12;
    .port_info 0 /INPUT 8 "data";
    .port_info 1 /INPUT 1 "clk";
    .port_info 2 /INPUT 1 "rst";
    .port_info 3 /INPUT 1 "takeData";
    .port_info 4 /OUTPUT 16 "max_distance_angle";
    .port_info 5 /OUTPUT 16 "min_distance_angle";
    .port_info 6 /OUTPUT 16 "obs_alert";
    .port_info 7 /OUTPUT 1 "sendData";
    .port_info 8 /OUTPUT 2 "headCheck";
    .port_info 9 /OUTPUT 8 "CT";
    .port_info 10 /OUTPUT 16 "FSA";
    .port_info 11 /OUTPUT 16 "LSA";
    .port_info 12 /OUTPUT 3 "counter1";
    .port_info 13 /OUTPUT 8 "counter2";
    .port_info 14 /OUTPUT 16 "min_distance";
    .port_info 15 /OUTPUT 16 "max_distance";
    .port_info 16 /OUTPUT 16 "AtHand";
    .port_info 17 /OUTPUT 16 "min_distance_idx";
    .port_info 18 /OUTPUT 16 "max_distance_idx";
    .port_info 19 /OUTPUT 3 "quo_rem_reg";
L_0x6197476b1030 .functor BUFZ 1, v0x6197476ddde0_0, C4<0>, C4<0>, C4<0>;
v0x6197476dce90_0 .var "AtHand", 15 0;
v0x6197476dcf90_0 .var "CT", 7 0;
v0x6197476dd070_0 .var "FSA", 15 0;
v0x6197476dd130_0 .var "LSA", 15 0;
L_0x74d9c2ed00a8 .functor BUFT 1, C4<000000000000000000000000>, C4<0>, C4<0>, C4<0>;
v0x6197476dd210_0 .net/2u *"_ivl_10", 23 0, L_0x74d9c2ed00a8;  1 drivers
v0x6197476dd2f0_0 .net *"_ivl_12", 31 0, L_0x6197476f3460;  1 drivers
L_0x74d9c2ed00f0 .functor BUFT 1, C4<00000000000000000000000000000001>, C4<0>, C4<0>, C4<0>;
v0x6197476dd3d0_0 .net/2u *"_ivl_14", 31 0, L_0x74d9c2ed00f0;  1 drivers
L_0x74d9c2ed0018 .functor BUFT 1, C4<000000000000000000000000>, C4<0>, C4<0>, C4<0>;
v0x6197476dd4b0_0 .net/2u *"_ivl_2", 23 0, L_0x74d9c2ed0018;  1 drivers
v0x6197476dd590_0 .net *"_ivl_4", 31 0, L_0x6197476f3210;  1 drivers
L_0x74d9c2ed0060 .functor BUFT 1, C4<00000000000000000000000000000001>, C4<0>, C4<0>, C4<0>;
v0x6197476dd700_0 .net/2u *"_ivl_6", 31 0, L_0x74d9c2ed0060;  1 drivers
v0x6197476dd7e0_0 .var "anotherClkDelayer", 0 0;
v0x6197476dd8a0_0 .net "busy_max", 0 0, v0x6197476dba90_0;  1 drivers
v0x6197476dd940_0 .net "busy_min", 0 0, v0x6197476dc640_0;  1 drivers
v0x6197476dda10_0 .net "clk", 0 0, v0x6197476e2da0_0;  alias, 1 drivers
v0x6197476ddab0_0 .var "clkDelayer", 0 0;
v0x6197476ddb50_0 .var "counter1", 2 0;
v0x6197476ddc10_0 .var "counter2", 7 0;
v0x6197476ddcf0_0 .net "data", 7 0, v0x6197476a02d0_0;  alias, 1 drivers
v0x6197476ddde0_0 .var "divider_reset", 0 0;
v0x6197476dde80_0 .net "divider_reset_wire", 0 0, L_0x6197476b1030;  1 drivers
v0x6197476ddf20_0 .net "division_done_max", 0 0, v0x6197476dbdc0_0;  1 drivers
v0x6197476ddfc0_0 .net "division_done_min", 0 0, v0x6197476dc9e0_0;  1 drivers
v0x6197476de090_0 .var "headCheck", 1 0;
v0x6197476de130_0 .var "headerA", 7 0;
v0x6197476de210_0 .var "headerB", 7 0;
v0x6197476de2f0_0 .var "hipHop", 0 0;
v0x6197476de3b0_0 .var "max_distance", 15 0;
v0x6197476de490_0 .var "max_distance_angle", 15 0;
v0x6197476de570_0 .var "max_distance_idx", 15 0;
v0x6197476de650_0 .var "microCounter", 0 0;
v0x6197476de710_0 .var "min_distance", 15 0;
v0x6197476de7f0_0 .var "min_distance_angle", 15 0;
v0x6197476de8d0_0 .var "min_distance_idx", 15 0;
v0x6197476de9b0_0 .var "numerator_max", 31 0;
v0x6197476deaa0_0 .var "numerator_min", 31 0;
v0x6197476deb70_0 .var "obs_alert", 15 0;
v0x6197476dec30_0 .var "obs_distance", 15 0;
v0x6197476ded10_0 .net "quo_max", 31 0, v0x6197476dbe80_0;  1 drivers
v0x6197476dee00_0 .net "quo_min", 31 0, v0x6197476dcaa0_0;  1 drivers
v0x6197476deed0_0 .var "quo_rem_reg", 2 0;
v0x6197476def90_0 .net "rst", 0 0, L_0x6197476aeb30;  alias, 1 drivers
v0x6197476df060_0 .var "rst_state", 0 0;
v0x6197476df100_0 .var "sendData", 0 0;
v0x6197476df1c0_0 .var "sendDataReg", 0 0;
v0x6197476df280_0 .net "takeData", 0 0, v0x6197476a2fd0_0;  alias, 1 drivers
v0x6197476df350_0 .var "temp", 7 0;
E_0x61974766f2b0 .event posedge, v0x6197476df060_0, v0x6197476daf30_0, v0x6197476a6390_0;
L_0x6197476f3210 .concat [ 8 24 0 0], v0x6197476dcf90_0, L_0x74d9c2ed0018;
L_0x6197476f3320 .arith/sub 32, L_0x6197476f3210, L_0x74d9c2ed0060;
L_0x6197476f3460 .concat [ 8 24 0 0], v0x6197476dcf90_0, L_0x74d9c2ed00a8;
L_0x6197476f35d0 .arith/sub 32, L_0x6197476f3460, L_0x74d9c2ed00f0;
S_0x6197476db600 .scope module, "max_divider" "division" 3 256, 3 2 0, S_0x6197476275d0;
 .timescale -9 -12;
    .port_info 0 /INPUT 1 "clk";
    .port_info 1 /INPUT 1 "rst";
    .port_info 2 /INPUT 32 "N";
    .port_info 3 /INPUT 32 "D";
    .port_info 4 /OUTPUT 32 "quo";
    .port_info 5 /OUTPUT 1 "busy";
    .port_info 6 /OUTPUT 1 "done";
v0x6197476db8b0_0 .net "D", 31 0, L_0x6197476f35d0;  1 drivers
v0x6197476db9b0_0 .net "N", 31 0, v0x6197476de9b0_0;  1 drivers
v0x6197476dba90_0 .var "busy", 0 0;
v0x6197476dbb30_0 .net "clk", 0 0, v0x6197476e2da0_0;  alias, 1 drivers
v0x6197476dbbd0_0 .var "counter", 5 0;
v0x6197476dbce0_0 .var "d", 63 0;
v0x6197476dbdc0_0 .var "done", 0 0;
v0x6197476dbe80_0 .var "quo", 31 0;
v0x6197476dbf60_0 .var "r", 63 0;
v0x6197476dc040_0 .net "rst", 0 0, L_0x6197476b1030;  alias, 1 drivers
S_0x6197476dc220 .scope module, "min_divider" "division" 3 247, 3 2 0, S_0x6197476275d0;
 .timescale -9 -12;
    .port_info 0 /INPUT 1 "clk";
    .port_info 1 /INPUT 1 "rst";
    .port_info 2 /INPUT 32 "N";
    .port_info 3 /INPUT 32 "D";
    .port_info 4 /OUTPUT 32 "quo";
    .port_info 5 /OUTPUT 1 "busy";
    .port_info 6 /OUTPUT 1 "done";
v0x6197476dc480_0 .net "D", 31 0, L_0x6197476f3320;  1 drivers
v0x6197476dc560_0 .net "N", 31 0, v0x6197476deaa0_0;  1 drivers
v0x6197476dc640_0 .var "busy", 0 0;
v0x6197476dc6e0_0 .net "clk", 0 0, v0x6197476e2da0_0;  alias, 1 drivers
v0x6197476dc7d0_0 .var "counter", 5 0;
v0x6197476dc900_0 .var "d", 63 0;
v0x6197476dc9e0_0 .var "done", 0 0;
v0x6197476dcaa0_0 .var "quo", 31 0;
v0x6197476dcb80_0 .var "r", 63 0;
v0x6197476dccf0_0 .net "rst", 0 0, L_0x6197476b1030;  alias, 1 drivers
S_0x6197476df740 .scope module, "Squirlte" "controlToTxD" 3 677, 3 458 0, S_0x619747627790;
 .timescale -9 -12;
    .port_info 0 /INPUT 1 "clk";
    .port_info 1 /INPUT 1 "rst";
    .port_info 2 /INPUT 1 "sendData";
    .port_info 3 /INPUT 16 "min_distance_angle";
    .port_info 4 /INPUT 16 "max_distance_angle";
    .port_info 5 /INPUT 16 "obs_alert";
    .port_info 6 /OUTPUT 1 "serial_output";
    .port_info 7 /OUTPUT 1 "sendingDone";
    .port_info 8 /OUTPUT 3 "steps";
    .port_info 9 /OUTPUT 1 "busy";
    .port_info 10 /OUTPUT 1 "receiveData";
    .port_info 11 /OUTPUT 16 "min_distance_angle_local";
    .port_info 12 /OUTPUT 1 "TxD_reset";
    .port_info 13 /OUTPUT 2 "state";
    .port_info 14 /OUTPUT 1 "startTheSending";
    .port_info 15 /OUTPUT 1 "baud_clk";
L_0x6197476a2e70 .functor BUFZ 1, v0x6197476e0c80_0, C4<0>, C4<0>, C4<0>;
L_0x6197476a32f0 .functor BUFZ 8, v0x6197476e1030_0, C4<00000000>, C4<00000000>, C4<00000000>;
L_0x61974769d540 .functor BUFZ 1, v0x6197476e0ae0_0, C4<0>, C4<0>, C4<0>;
v0x6197476e0ae0_0 .var "TxD_reset", 0 0;
v0x6197476e0bc0_0 .net "TxD_reset_wire", 0 0, L_0x61974769d540;  1 drivers
v0x6197476e0c80_0 .var "baud_clk", 0 0;
v0x6197476e0d50_0 .net "baud_clk_wire", 0 0, L_0x6197476a2e70;  1 drivers
v0x6197476e0e20_0 .var "baud_counter", 8 0;
v0x6197476e0ec0_0 .net "busy", 0 0, v0x6197476e0020_0;  1 drivers
v0x6197476e0f60_0 .net "byteAtHand", 7 0, L_0x6197476a32f0;  1 drivers
v0x6197476e1030_0 .var "byteAtHandReg", 7 0;
v0x6197476e10d0_0 .net "clk", 0 0, v0x6197476e2da0_0;  alias, 1 drivers
v0x6197476e1200_0 .var "extraCounter", 0 0;
v0x6197476e12c0_0 .var "internalReset", 0 0;
v0x6197476e1380_0 .net "max_distance_angle", 15 0, v0x6197476de490_0;  alias, 1 drivers
v0x6197476e1470_0 .var "max_distance_angle_local", 15 0;
v0x6197476e1530_0 .net "min_distance_angle", 15 0, v0x6197476de7f0_0;  alias, 1 drivers
v0x6197476e1620_0 .var "min_distance_angle_local", 15 0;
v0x6197476e16e0_0 .net "obs_alert", 15 0, v0x6197476deb70_0;  alias, 1 drivers
v0x6197476e17d0_0 .var "obs_alert_local", 15 0;
v0x6197476e1890_0 .var "receiveData", 0 0;
v0x6197476e1960_0 .var "receiveDataWait", 0 0;
v0x6197476e1a00_0 .net "rst", 0 0, L_0x6197476aeb30;  alias, 1 drivers
v0x6197476e1aa0_0 .net "sendData", 0 0, v0x6197476df100_0;  alias, 1 drivers
v0x6197476e1b40_0 .net "sendingDone", 0 0, v0x6197476e0590_0;  1 drivers
v0x6197476e1c10_0 .net "serial_output", 0 0, v0x6197476e06e0_0;  alias, 1 drivers
v0x6197476e1ce0_0 .net "startTheSending", 0 0, v0x6197476e07a0_0;  1 drivers
v0x6197476e1db0_0 .net "state", 1 0, v0x6197476e0860_0;  1 drivers
v0x6197476e1e80_0 .var "steps", 2 0;
S_0x6197476dfae0 .scope module, "transmiterr" "TxD" 3 487, 3 379 0, S_0x6197476df740;
 .timescale -9 -12;
    .port_info 0 /INPUT 1 "clk";
    .port_info 1 /INPUT 1 "reset";
    .port_info 2 /INPUT 8 "byte_processed";
    .port_info 3 /INPUT 1 "receiveData";
    .port_info 4 /INPUT 1 "baud_clk";
    .port_info 5 /OUTPUT 1 "serial_output";
    .port_info 6 /OUTPUT 1 "sending_done";
    .port_info 7 /OUTPUT 1 "busy";
    .port_info 8 /OUTPUT 2 "state";
    .port_info 9 /OUTPUT 1 "startTheSending";
v0x6197476dfe60_0 .net "baud_clk", 0 0, L_0x6197476a2e70;  alias, 1 drivers
v0x6197476dff40_0 .var "bit_counter", 3 0;
v0x6197476e0020_0 .var "busy", 0 0;
v0x6197476e00f0_0 .net "byte_processed", 7 0, L_0x6197476a32f0;  alias, 1 drivers
v0x6197476e01d0_0 .net "clk", 0 0, v0x6197476e2da0_0;  alias, 1 drivers
v0x6197476e0350_0 .net "receiveData", 0 0, v0x6197476e1890_0;  1 drivers
v0x6197476e0410_0 .net "reset", 0 0, L_0x61974769d540;  alias, 1 drivers
v0x6197476e04d0_0 .var "reset_internal", 0 0;
v0x6197476e0590_0 .var "sending_done", 0 0;
v0x6197476e06e0_0 .var "serial_output", 0 0;
v0x6197476e07a0_0 .var "startTheSending", 0 0;
v0x6197476e0860_0 .var "state", 1 0;
E_0x6197476c4480 .event posedge, v0x6197476dfe60_0;
E_0x6197476dfe00 .event posedge, v0x6197476e04d0_0, v0x6197476e0410_0, v0x6197476a6390_0;
S_0x6197476e29e0 .scope task, "uart_send_byte" "uart_send_byte" 2 84, 2 84 0, S_0x619747628ad0;
 .timescale -9 -12;
v0x6197476e2be0_0 .var "data", 7 0;
v0x6197476e2cc0_0 .var/i "i", 31 0;
TD_tb_topModule.uart_send_byte ;
    %pushi/vec4 0, 0, 1;
    %store/vec4 v0x6197476e2e60_0, 0, 1;
    %delay 8680000, 0;
    %pushi/vec4 0, 0, 32;
    %store/vec4 v0x6197476e2cc0_0, 0, 32;
T_0.0 ;
    %load/vec4 v0x6197476e2cc0_0;
    %cmpi/s 8, 0, 32;
    %jmp/0xz T_0.1, 5;
    %load/vec4 v0x6197476e2be0_0;
    %load/vec4 v0x6197476e2cc0_0;
    %part/s 1;
    %store/vec4 v0x6197476e2e60_0, 0, 1;
    %delay 8680000, 0;
    %load/vec4 v0x6197476e2cc0_0;
    %addi 1, 0, 32;
    %store/vec4 v0x6197476e2cc0_0, 0, 32;
    %jmp T_0.0;
T_0.1 ;
    %pushi/vec4 1, 0, 1;
    %store/vec4 v0x6197476e2e60_0, 0, 1;
    %delay 8680000, 0;
    %delay 100000, 0;
    %end;
    .scope S_0x6197476b1e20;
T_1 ;
    %wait E_0x61974766ed70;
    %load/vec4 v0x6197476db170_0;
    %flag_set/vec4 8;
    %jmp/0xz  T_1.0, 8;
    %load/vec4 v0x6197476aecd0_0;
    %pad/u 32;
    %cmpi/u 434, 0, 32;
    %jmp/0xz  T_1.2, 5;
    %load/vec4 v0x6197476aecd0_0;
    %addi 1, 0, 9;
    %assign/vec4 v0x6197476aecd0_0, 0;
T_1.2 ;
    %load/vec4 v0x6197476aecd0_0;
    %pad/u 32;
    %cmpi/e 434, 0, 32;
    %jmp/0xz  T_1.4, 4;
    %load/vec4 v0x6197476ac270_0;
    %inv;
    %assign/vec4 v0x6197476ac270_0, 0;
    %pushi/vec4 0, 0, 9;
    %assign/vec4 v0x6197476aecd0_0, 0;
T_1.4 ;
T_1.0 ;
    %jmp T_1;
    .thread T_1;
    .scope S_0x6197476b1e20;
T_2 ;
    %wait E_0x619747623a70;
    %load/vec4 v0x6197476daf30_0;
    %load/vec4 v0x6197476daff0_0;
    %or;
    %flag_set/vec4 8;
    %jmp/0xz  T_2.0, 8;
    %pushi/vec4 0, 0, 1;
    %assign/vec4 v0x6197476db170_0, 0;
    %pushi/vec4 0, 0, 9;
    %assign/vec4 v0x6197476aecd0_0, 0;
    %pushi/vec4 0, 0, 1;
    %assign/vec4 v0x6197476db230_0, 0;
    %pushi/vec4 0, 0, 1;
    %assign/vec4 v0x6197476daff0_0, 0;
    %pushi/vec4 0, 0, 1;
    %assign/vec4 v0x6197476ac270_0, 0;
    %pushi/vec4 0, 0, 8;
    %assign/vec4 v0x6197476a02d0_0, 0;
    %pushi/vec4 0, 0, 4;
    %assign/vec4 v0x6197476b1190_0, 0;
    %pushi/vec4 0, 0, 1;
    %assign/vec4 v0x6197476a2fd0_0, 0;
    %pushi/vec4 0, 0, 1;
    %assign/vec4 v0x61974769d6a0_0, 0;
T_2.0 ;
    %jmp T_2;
    .thread T_2;
    .scope S_0x6197476b1e20;
T_3 ;
    %wait E_0x61974766ed70;
    %load/vec4 v0x6197476db230_0;
    %dup/vec4;
    %pushi/vec4 0, 0, 1;
    %cmp/u;
    %jmp/1 T_3.0, 6;
    %dup/vec4;
    %pushi/vec4 1, 0, 1;
    %cmp/u;
    %jmp/1 T_3.1, 6;
    %jmp T_3.2;
T_3.0 ;
    %load/vec4 v0x6197476db0b0_0;
    %pad/u 32;
    %cmpi/e 0, 0, 32;
    %jmp/0xz  T_3.3, 4;
    %pushi/vec4 1, 0, 1;
    %assign/vec4 v0x6197476db170_0, 0;
T_3.3 ;
    %jmp T_3.2;
T_3.1 ;
    %load/vec4 v0x6197476b1190_0;
    %pad/u 32;
    %cmpi/e 8, 0, 32;
    %jmp/0xz  T_3.5, 4;
    %pushi/vec4 1, 0, 1;
    %assign/vec4 v0x6197476a2fd0_0, 0;
    %pushi/vec4 1, 0, 1;
    %assign/vec4 v0x61974769d6a0_0, 0;
T_3.5 ;
    %jmp T_3.2;
T_3.2 ;
    %pop/vec4 1;
    %jmp T_3;
    .thread T_3;
    .scope S_0x6197476b1e20;
T_4 ;
    %wait E_0x61974766e8c0;
    %load/vec4 v0x6197476db230_0;
    %dup/vec4;
    %pushi/vec4 0, 0, 1;
    %cmp/u;
    %jmp/1 T_4.0, 6;
    %dup/vec4;
    %pushi/vec4 1, 0, 1;
    %cmp/u;
    %jmp/1 T_4.1, 6;
    %jmp T_4.2;
T_4.0 ;
    %load/vec4 v0x6197476db0b0_0;
    %pad/u 32;
    %cmpi/e 0, 0, 32;
    %jmp/0xz  T_4.3, 4;
    %pushi/vec4 1, 0, 1;
    %assign/vec4 v0x6197476db230_0, 0;
T_4.3 ;
    %jmp T_4.2;
T_4.1 ;
    %load/vec4 v0x6197476b1190_0;
    %pad/u 32;
    %cmpi/u 8, 0, 32;
    %jmp/0xz  T_4.5, 5;
    %load/vec4 v0x6197476db0b0_0;
    %ix/load 5, 0, 0;
    %ix/getv 4, v0x6197476b1190_0;
    %assign/vec4/off/d v0x6197476a02d0_0, 4, 5;
    %load/vec4 v0x6197476b1190_0;
    %addi 1, 0, 4;
    %assign/vec4 v0x6197476b1190_0, 0;
T_4.5 ;
    %jmp T_4.2;
T_4.2 ;
    %pop/vec4 1;
    %jmp T_4;
    .thread T_4;
    .scope S_0x6197476b1e20;
T_5 ;
    %wait E_0x61974766e8c0;
    %load/vec4 v0x61974769d6a0_0;
    %flag_set/vec4 8;
    %jmp/0xz  T_5.0, 8;
    %pushi/vec4 1, 0, 1;
    %assign/vec4 v0x6197476daff0_0, 0;
T_5.0 ;
    %jmp T_5;
    .thread T_5;
    .scope S_0x6197476dc220;
T_6 ;
    %wait E_0x61974766ed70;
    %load/vec4 v0x6197476dccf0_0;
    %flag_set/vec4 8;
    %jmp/0xz  T_6.0, 8;
    %pushi/vec4 32, 0, 6;
    %assign/vec4 v0x6197476dc7d0_0, 0;
    %pushi/vec4 0, 0, 32;
    %load/vec4 v0x6197476dc560_0;
    %concat/vec4; draw_concat_vec4
    %assign/vec4 v0x6197476dcb80_0, 0;
    %load/vec4 v0x6197476dc480_0;
    %pad/u 64;
    %ix/load 4, 32, 0;
    %flag_set/imm 4, 0;
    %shiftl 4;
    %assign/vec4 v0x6197476dc900_0, 0;
    %pushi/vec4 32, 0, 6;
    %assign/vec4 v0x6197476dc7d0_0, 0;
    %pushi/vec4 0, 0, 1;
    %assign/vec4 v0x6197476dc9e0_0, 0;
    %pushi/vec4 1, 0, 1;
    %assign/vec4 v0x6197476dc640_0, 0;
    %pushi/vec4 0, 0, 32;
    %assign/vec4 v0x6197476dcaa0_0, 0;
    %jmp T_6.1;
T_6.0 ;
    %load/vec4 v0x6197476dc7d0_0;
    %pad/u 32;
    %cmpi/u 0, 0, 32;
    %flag_or 5, 4; GT is !LE
    %flag_inv 5;
    %jmp/0xz  T_6.2, 5;
    %load/vec4 v0x6197476dc900_0;
    %load/vec4 v0x6197476dcb80_0;
    %ix/load 4, 1, 0;
    %flag_set/imm 4, 0;
    %shiftl 4;
    %cmp/u;
    %flag_or 5, 4;
    %jmp/0xz  T_6.4, 5;
    %pushi/vec4 1, 0, 1;
    %ix/load 5, 0, 0;
    %load/vec4 v0x6197476dc7d0_0;
    %pad/u 32;
    %subi 1, 0, 32;
    %ix/vec4 4;
    %assign/vec4/off/d v0x6197476dcaa0_0, 4, 5;
    %load/vec4 v0x6197476dcb80_0;
    %ix/load 4, 1, 0;
    %flag_set/imm 4, 0;
    %shiftl 4;
    %load/vec4 v0x6197476dc900_0;
    %sub;
    %assign/vec4 v0x6197476dcb80_0, 0;
    %jmp T_6.5;
T_6.4 ;
    %pushi/vec4 0, 0, 1;
    %ix/load 5, 0, 0;
    %load/vec4 v0x6197476dc7d0_0;
    %pad/u 32;
    %subi 1, 0, 32;
    %ix/vec4 4;
    %assign/vec4/off/d v0x6197476dcaa0_0, 4, 5;
    %load/vec4 v0x6197476dcb80_0;
    %ix/load 4, 1, 0;
    %flag_set/imm 4, 0;
    %shiftl 4;
    %assign/vec4 v0x6197476dcb80_0, 0;
T_6.5 ;
    %load/vec4 v0x6197476dc7d0_0;
    %subi 1, 0, 6;
    %assign/vec4 v0x6197476dc7d0_0, 0;
    %jmp T_6.3;
T_6.2 ;
    %pushi/vec4 1, 0, 1;
    %assign/vec4 v0x6197476dc9e0_0, 0;
    %pushi/vec4 0, 0, 1;
    %assign/vec4 v0x6197476dc640_0, 0;
T_6.3 ;
T_6.1 ;
    %jmp T_6;
    .thread T_6;
    .scope S_0x6197476db600;
T_7 ;
    %wait E_0x61974766ed70;
    %load/vec4 v0x6197476dc040_0;
    %flag_set/vec4 8;
    %jmp/0xz  T_7.0, 8;
    %pushi/vec4 32, 0, 6;
    %assign/vec4 v0x6197476dbbd0_0, 0;
    %pushi/vec4 0, 0, 32;
    %load/vec4 v0x6197476db9b0_0;
    %concat/vec4; draw_concat_vec4
    %assign/vec4 v0x6197476dbf60_0, 0;
    %load/vec4 v0x6197476db8b0_0;
    %pad/u 64;
    %ix/load 4, 32, 0;
    %flag_set/imm 4, 0;
    %shiftl 4;
    %assign/vec4 v0x6197476dbce0_0, 0;
    %pushi/vec4 32, 0, 6;
    %assign/vec4 v0x6197476dbbd0_0, 0;
    %pushi/vec4 0, 0, 1;
    %assign/vec4 v0x6197476dbdc0_0, 0;
    %pushi/vec4 1, 0, 1;
    %assign/vec4 v0x6197476dba90_0, 0;
    %pushi/vec4 0, 0, 32;
    %assign/vec4 v0x6197476dbe80_0, 0;
    %jmp T_7.1;
T_7.0 ;
    %load/vec4 v0x6197476dbbd0_0;
    %pad/u 32;
    %cmpi/u 0, 0, 32;
    %flag_or 5, 4; GT is !LE
    %flag_inv 5;
    %jmp/0xz  T_7.2, 5;
    %load/vec4 v0x6197476dbce0_0;
    %load/vec4 v0x6197476dbf60_0;
    %ix/load 4, 1, 0;
    %flag_set/imm 4, 0;
    %shiftl 4;
    %cmp/u;
    %flag_or 5, 4;
    %jmp/0xz  T_7.4, 5;
    %pushi/vec4 1, 0, 1;
    %ix/load 5, 0, 0;
    %load/vec4 v0x6197476dbbd0_0;
    %pad/u 32;
    %subi 1, 0, 32;
    %ix/vec4 4;
    %assign/vec4/off/d v0x6197476dbe80_0, 4, 5;
    %load/vec4 v0x6197476dbf60_0;
    %ix/load 4, 1, 0;
    %flag_set/imm 4, 0;
    %shiftl 4;
    %load/vec4 v0x6197476dbce0_0;
    %sub;
    %assign/vec4 v0x6197476dbf60_0, 0;
    %jmp T_7.5;
T_7.4 ;
    %pushi/vec4 0, 0, 1;
    %ix/load 5, 0, 0;
    %load/vec4 v0x6197476dbbd0_0;
    %pad/u 32;
    %subi 1, 0, 32;
    %ix/vec4 4;
    %assign/vec4/off/d v0x6197476dbe80_0, 4, 5;
    %load/vec4 v0x6197476dbf60_0;
    %ix/load 4, 1, 0;
    %flag_set/imm 4, 0;
    %shiftl 4;
    %assign/vec4 v0x6197476dbf60_0, 0;
T_7.5 ;
    %load/vec4 v0x6197476dbbd0_0;
    %subi 1, 0, 6;
    %assign/vec4 v0x6197476dbbd0_0, 0;
    %jmp T_7.3;
T_7.2 ;
    %pushi/vec4 1, 0, 1;
    %assign/vec4 v0x6197476dbdc0_0, 0;
    %pushi/vec4 0, 0, 1;
    %assign/vec4 v0x6197476dba90_0, 0;
T_7.3 ;
T_7.1 ;
    %jmp T_7;
    .thread T_7;
    .scope S_0x6197476275d0;
T_8 ;
    %wait E_0x61974766f2b0;
    %load/vec4 v0x6197476def90_0;
    %load/vec4 v0x6197476df060_0;
    %or;
    %flag_set/vec4 8;
    %jmp/0xz  T_8.0, 8;
    %pushi/vec4 0, 0, 2;
    %assign/vec4 v0x6197476de090_0, 0;
    %pushi/vec4 170, 0, 8;
    %assign/vec4 v0x6197476de130_0, 0;
    %pushi/vec4 85, 0, 8;
    %assign/vec4 v0x6197476de210_0, 0;
    %pushi/vec4 0, 0, 1;
    %assign/vec4 v0x6197476df060_0, 0;
    %pushi/vec4 0, 0, 3;
    %assign/vec4 v0x6197476ddb50_0, 0;
    %pushi/vec4 0, 0, 8;
    %assign/vec4 v0x6197476ddc10_0, 0;
    %pushi/vec4 0, 0, 1;
    %assign/vec4 v0x6197476de650_0, 0;
    %pushi/vec4 0, 0, 16;
    %assign/vec4 v0x6197476dce90_0, 0;
    %pushi/vec4 1024, 0, 16;
    %assign/vec4 v0x6197476dec30_0, 0;
    %pushi/vec4 0, 0, 16;
    %assign/vec4 v0x6197476de3b0_0, 0;
    %pushi/vec4 65535, 0, 16;
    %assign/vec4 v0x6197476de710_0, 0;
    %pushi/vec4 0, 0, 16;
    %assign/vec4 v0x6197476deb70_0, 0;
    %pushi/vec4 0, 0, 1;
    %assign/vec4 v0x6197476df100_0, 0;
    %pushi/vec4 1, 0, 1;
    %assign/vec4 v0x6197476ddde0_0, 0;
    %pushi/vec4 0, 0, 3;
    %assign/vec4 v0x6197476deed0_0, 0;
    %pushi/vec4 1, 0, 1;
    %assign/vec4 v0x6197476ddab0_0, 0;
    %pushi/vec4 1, 0, 1;
    %assign/vec4 v0x6197476dd7e0_0, 0;
T_8.0 ;
    %load/vec4 v0x6197476def90_0;
    %flag_set/vec4 8;
    %jmp/0xz  T_8.2, 8;
    %pushi/vec4 0, 0, 1;
    %assign/vec4 v0x6197476df1c0_0, 0;
T_8.2 ;
    %jmp T_8;
    .thread T_8;
    .scope S_0x6197476275d0;
T_9 ;
    %wait E_0x61974766ed70;
    %load/vec4 v0x6197476df280_0;
    %flag_set/vec4 8;
    %jmp/0xz  T_9.0, 8;
    %load/vec4 v0x6197476def90_0;
    %load/vec4 v0x6197476df060_0;
    %or;
    %nor/r;
    %flag_set/vec4 8;
    %jmp/0xz  T_9.2, 8;
    %load/vec4 v0x6197476de090_0;
    %parti/s 1, 0, 2;
    %nor/r;
    %flag_set/vec4 8;
    %jmp/0xz  T_9.4, 8;
    %load/vec4 v0x6197476de090_0;
    %parti/s 1, 1, 2;
    %nor/r;
    %flag_set/vec4 8;
    %jmp/0xz  T_9.6, 8;
    %load/vec4 v0x6197476ddcf0_0;
    %load/vec4 v0x6197476de130_0;
    %cmp/e;
    %jmp/0xz  T_9.8, 4;
    %pushi/vec4 1, 0, 1;
    %ix/load 4, 0, 0;
    %ix/load 5, 0, 0;
    %flag_set/imm 4, 0;
    %assign/vec4/off/d v0x6197476de090_0, 4, 5;
T_9.8 ;
    %jmp T_9.7;
T_9.6 ;
    %pushi/vec4 1, 0, 1;
    %assign/vec4 v0x6197476df060_0, 0;
T_9.7 ;
    %jmp T_9.5;
T_9.4 ;
    %load/vec4 v0x6197476de090_0;
    %parti/s 1, 1, 2;
    %nor/r;
    %flag_set/vec4 8;
    %jmp/0xz  T_9.10, 8;
    %load/vec4 v0x6197476ddcf0_0;
    %load/vec4 v0x6197476de210_0;
    %cmp/e;
    %jmp/0xz  T_9.12, 4;
    %pushi/vec4 1, 0, 1;
    %ix/load 4, 1, 0;
    %ix/load 5, 0, 0;
    %flag_set/imm 4, 0;
    %assign/vec4/off/d v0x6197476de090_0, 4, 5;
    %jmp T_9.13;
T_9.12 ;
    %pushi/vec4 1, 0, 1;
    %assign/vec4 v0x6197476df060_0, 0;
T_9.13 ;
T_9.10 ;
T_9.5 ;
T_9.2 ;
T_9.0 ;
    %jmp T_9;
    .thread T_9;
    .scope S_0x6197476275d0;
T_10 ;
    %wait E_0x61974766ed70;
    %load/vec4 v0x6197476de090_0;
    %parti/s 1, 1, 2;
    %flag_set/vec4 8;
    %jmp/0xz  T_10.0, 8;
    %load/vec4 v0x6197476df280_0;
    %flag_set/vec4 8;
    %jmp/0xz  T_10.2, 8;
    %load/vec4 v0x6197476ddb50_0;
    %cmpi/e 0, 0, 3;
    %jmp/0xz  T_10.4, 4;
    %load/vec4 v0x6197476ddcf0_0;
    %assign/vec4 v0x6197476dcf90_0, 0;
    %load/vec4 v0x6197476ddb50_0;
    %addi 1, 0, 3;
    %assign/vec4 v0x6197476ddb50_0, 0;
    %jmp T_10.5;
T_10.4 ;
    %load/vec4 v0x6197476ddb50_0;
    %cmpi/e 1, 0, 3;
    %jmp/0xz  T_10.6, 4;
    %load/vec4 v0x6197476ddcf0_0;
    %assign/vec4 v0x6197476df350_0, 0;
    %load/vec4 v0x6197476ddb50_0;
    %addi 1, 0, 3;
    %assign/vec4 v0x6197476ddb50_0, 0;
    %jmp T_10.7;
T_10.6 ;
    %load/vec4 v0x6197476ddb50_0;
    %cmpi/e 2, 0, 3;
    %jmp/0xz  T_10.8, 4;
    %load/vec4 v0x6197476ddcf0_0;
    %load/vec4 v0x6197476df350_0;
    %concat/vec4; draw_concat_vec4
    %assign/vec4 v0x6197476dd070_0, 0;
    %load/vec4 v0x6197476ddb50_0;
    %addi 1, 0, 3;
    %assign/vec4 v0x6197476ddb50_0, 0;
    %jmp T_10.9;
T_10.8 ;
    %load/vec4 v0x6197476ddb50_0;
    %cmpi/e 3, 0, 3;
    %jmp/0xz  T_10.10, 4;
    %load/vec4 v0x6197476ddcf0_0;
    %assign/vec4 v0x6197476df350_0, 0;
    %load/vec4 v0x6197476ddb50_0;
    %addi 1, 0, 3;
    %assign/vec4 v0x6197476ddb50_0, 0;
    %jmp T_10.11;
T_10.10 ;
    %load/vec4 v0x6197476ddb50_0;
    %cmpi/e 4, 0, 3;
    %jmp/0xz  T_10.12, 4;
    %load/vec4 v0x6197476ddcf0_0;
    %load/vec4 v0x6197476df350_0;
    %concat/vec4; draw_concat_vec4
    %assign/vec4 v0x6197476dd130_0, 0;
    %load/vec4 v0x6197476ddb50_0;
    %addi 1, 0, 3;
    %assign/vec4 v0x6197476ddb50_0, 0;
T_10.12 ;
T_10.11 ;
T_10.9 ;
T_10.7 ;
T_10.5 ;
T_10.2 ;
T_10.0 ;
    %jmp T_10;
    .thread T_10;
    .scope S_0x6197476275d0;
T_11 ;
    %wait E_0x61974766ed70;
    %load/vec4 v0x6197476df280_0;
    %flag_set/vec4 8;
    %jmp/0xz  T_11.0, 8;
    %load/vec4 v0x6197476ddb50_0;
    %cmpi/e 5, 0, 3;
    %jmp/0xz  T_11.2, 4;
    %load/vec4 v0x6197476ddc10_0;
    %load/vec4 v0x6197476dcf90_0;
    %cmp/u;
    %jmp/0xz  T_11.4, 5;
    %load/vec4 v0x6197476de650_0;
    %nor/r;
    %flag_set/vec4 8;
    %jmp/0xz  T_11.6, 8;
    %load/vec4 v0x6197476ddcf0_0;
    %assign/vec4 v0x6197476df350_0, 0;
    %load/vec4 v0x6197476de650_0;
    %inv;
    %assign/vec4 v0x6197476de650_0, 0;
    %jmp T_11.7;
T_11.6 ;
    %load/vec4 v0x6197476ddcf0_0;
    %load/vec4 v0x6197476df350_0;
    %concat/vec4; draw_concat_vec4
    %assign/vec4 v0x6197476dce90_0, 0;
    %pushi/vec4 1, 0, 1;
    %assign/vec4 v0x6197476de2f0_0, 0;
    %load/vec4 v0x6197476de650_0;
    %inv;
    %assign/vec4 v0x6197476de650_0, 0;
T_11.7 ;
T_11.4 ;
T_11.2 ;
T_11.0 ;
    %load/vec4 v0x6197476de2f0_0;
    %flag_set/vec4 8;
    %jmp/0xz  T_11.8, 8;
    %pushi/vec4 0, 0, 1;
    %assign/vec4 v0x6197476de2f0_0, 0;
    %load/vec4 v0x6197476dce90_0;
    %pushi/vec4 0, 0, 16;
    %cmp/ne;
    %flag_get/vec4 4;
    %load/vec4 v0x6197476dce90_0;
    %load/vec4 v0x6197476de710_0;
    %cmp/u;
    %flag_get/vec4 5;
    %and;
    %flag_set/vec4 8;
    %jmp/0xz  T_11.10, 8;
    %load/vec4 v0x6197476dce90_0;
    %assign/vec4 v0x6197476de710_0, 0;
    %load/vec4 v0x6197476ddc10_0;
    %pad/u 16;
    %assign/vec4 v0x6197476de8d0_0, 0;
    %load/vec4 v0x6197476ddc10_0;
    %addi 1, 0, 8;
    %assign/vec4 v0x6197476ddc10_0, 0;
T_11.10 ;
    %load/vec4 v0x6197476de3b0_0;
    %load/vec4 v0x6197476dce90_0;
    %cmp/u;
    %jmp/0xz  T_11.12, 5;
    %load/vec4 v0x6197476dce90_0;
    %assign/vec4 v0x6197476de3b0_0, 0;
    %load/vec4 v0x6197476ddc10_0;
    %pad/u 16;
    %assign/vec4 v0x6197476de570_0, 0;
    %load/vec4 v0x6197476ddc10_0;
    %addi 1, 0, 8;
    %assign/vec4 v0x6197476ddc10_0, 0;
    %jmp T_11.13;
T_11.12 ;
    %load/vec4 v0x6197476dce90_0;
    %cmpi/ne 0, 0, 16;
    %jmp/0xz  T_11.14, 4;
    %load/vec4 v0x6197476ddc10_0;
    %addi 1, 0, 8;
    %assign/vec4 v0x6197476ddc10_0, 0;
T_11.14 ;
T_11.13 ;
    %load/vec4 v0x6197476dce90_0;
    %pushi/vec4 0, 0, 16;
    %cmp/ne;
    %flag_get/vec4 4;
    %load/vec4 v0x6197476ddc10_0;
    %cmpi/u 15, 0, 8;
    %flag_get/vec4 4;
    %flag_get/vec4 5;
    %or;
    %and;
    %flag_set/vec4 8;
    %jmp/0xz  T_11.16, 8;
    %load/vec4 v0x6197476dce90_0;
    %load/vec4 v0x6197476dec30_0;
    %cmp/u;
    %jmp/0xz  T_11.18, 5;
    %load/vec4 v0x6197476deb70_0;
    %ix/load 4, 1, 0;
    %flag_set/imm 4, 0;
    %shiftr 4;
    %pushi/vec4 32768, 0, 16;
    %or;
    %assign/vec4 v0x6197476deb70_0, 0;
    %jmp T_11.19;
T_11.18 ;
    %load/vec4 v0x6197476deb70_0;
    %ix/load 4, 1, 0;
    %flag_set/imm 4, 0;
    %shiftr 4;
    %assign/vec4 v0x6197476deb70_0, 0;
T_11.19 ;
T_11.16 ;
T_11.8 ;
    %jmp T_11;
    .thread T_11;
    .scope S_0x6197476275d0;
T_12 ;
    %wait E_0x61974766ed70;
    %load/vec4 v0x6197476ddc10_0;
    %load/vec4 v0x6197476dcf90_0;
    %cmp/e;
    %jmp/0xz  T_12.0, 4;
    %load/vec4 v0x6197476ddab0_0;
    %flag_set/vec4 8;
    %jmp/0xz  T_12.2, 8;
    %load/vec4 v0x6197476ddab0_0;
    %inv;
    %assign/vec4 v0x6197476ddab0_0, 0;
    %jmp T_12.3;
T_12.2 ;
    %load/vec4 v0x6197476dd7e0_0;
    %flag_set/vec4 8;
    %jmp/0xz  T_12.4, 8;
    %load/vec4 v0x6197476de8d0_0;
    %pad/u 32;
    %load/vec4 v0x6197476dd130_0;
    %pad/u 32;
    %load/vec4 v0x6197476dd070_0;
    %pad/u 32;
    %sub;
    %mul;
    %assign/vec4 v0x6197476deaa0_0, 0;
    %load/vec4 v0x6197476de570_0;
    %pad/u 32;
    %load/vec4 v0x6197476dd130_0;
    %pad/u 32;
    %load/vec4 v0x6197476dd070_0;
    %pad/u 32;
    %sub;
    %mul;
    %assign/vec4 v0x6197476de9b0_0, 0;
    %load/vec4 v0x6197476dd7e0_0;
    %inv;
    %assign/vec4 v0x6197476dd7e0_0, 0;
    %jmp T_12.5;
T_12.4 ;
    %pushi/vec4 0, 0, 1;
    %assign/vec4 v0x6197476ddde0_0, 0;
    %load/vec4 v0x6197476ddde0_0;
    %nor/r;
    %load/vec4 v0x6197476ddf20_0;
    %and;
    %load/vec4 v0x6197476ddfc0_0;
    %and;
    %load/vec4 v0x6197476deed0_0;
    %pushi/vec4 0, 0, 3;
    %cmp/e;
    %flag_get/vec4 4;
    %and;
    %flag_set/vec4 8;
    %jmp/0xz  T_12.6, 8;
    %load/vec4 v0x6197476dd070_0;
    %pad/u 32;
    %load/vec4 v0x6197476dee00_0;
    %add;
    %pad/u 16;
    %assign/vec4 v0x6197476de7f0_0, 0;
    %load/vec4 v0x6197476dd070_0;
    %pad/u 32;
    %load/vec4 v0x6197476ded10_0;
    %add;
    %pad/u 16;
    %assign/vec4 v0x6197476de490_0, 0;
    %pushi/vec4 1, 0, 3;
    %assign/vec4 v0x6197476deed0_0, 0;
T_12.6 ;
    %load/vec4 v0x6197476deed0_0;
    %cmpi/e 1, 0, 3;
    %jmp/0xz  T_12.8, 4;
    %load/vec4 v0x6197476dd070_0;
    %pad/u 32;
    %load/vec4 v0x6197476dee00_0;
    %add;
    %pad/u 16;
    %assign/vec4 v0x6197476de7f0_0, 0;
    %load/vec4 v0x6197476dd070_0;
    %pad/u 32;
    %load/vec4 v0x6197476ded10_0;
    %add;
    %pad/u 16;
    %assign/vec4 v0x6197476de490_0, 0;
    %pushi/vec4 3, 0, 3;
    %assign/vec4 v0x6197476deed0_0, 0;
T_12.8 ;
    %load/vec4 v0x6197476deed0_0;
    %cmpi/e 3, 0, 3;
    %jmp/0xz  T_12.10, 4;
    %pushi/vec4 1, 0, 1;
    %assign/vec4 v0x6197476df100_0, 0;
    %pushi/vec4 4, 0, 3;
    %assign/vec4 v0x6197476deed0_0, 0;
T_12.10 ;
    %load/vec4 v0x6197476deed0_0;
    %cmpi/e 4, 0, 3;
    %jmp/0xz  T_12.12, 4;
    %pushi/vec4 0, 0, 1;
    %assign/vec4 v0x6197476df100_0, 0;
T_12.12 ;
T_12.5 ;
T_12.3 ;
T_12.0 ;
    %jmp T_12;
    .thread T_12;
    .scope S_0x6197476dfae0;
T_13 ;
    %wait E_0x6197476dfe00;
    %load/vec4 v0x6197476e0410_0;
    %load/vec4 v0x6197476e04d0_0;
    %or;
    %flag_set/vec4 8;
    %jmp/0xz  T_13.0, 8;
    %pushi/vec4 1, 0, 1;
    %assign/vec4 v0x6197476e06e0_0, 0;
    %pushi/vec4 0, 0, 4;
    %assign/vec4 v0x6197476dff40_0, 0;
    %pushi/vec4 0, 0, 1;
    %assign/vec4 v0x6197476e0590_0, 0;
    %pushi/vec4 0, 0, 1;
    %assign/vec4 v0x6197476e0020_0, 0;
    %pushi/vec4 0, 0, 2;
    %assign/vec4 v0x6197476e0860_0, 0;
T_13.0 ;
    %jmp T_13;
    .thread T_13;
    .scope S_0x6197476dfae0;
T_14 ;
    %wait E_0x6197476c4480;
    %load/vec4 v0x6197476e0860_0;
    %dup/vec4;
    %pushi/vec4 0, 0, 2;
    %cmp/u;
    %jmp/1 T_14.0, 6;
    %dup/vec4;
    %pushi/vec4 1, 0, 2;
    %cmp/u;
    %jmp/1 T_14.1, 6;
    %dup/vec4;
    %pushi/vec4 2, 0, 2;
    %cmp/u;
    %jmp/1 T_14.2, 6;
    %jmp T_14.3;
T_14.0 ;
    %pushi/vec4 1, 0, 1;
    %assign/vec4 v0x6197476e06e0_0, 0;
    %load/vec4 v0x6197476e07a0_0;
    %flag_set/vec4 8;
    %jmp/0xz  T_14.4, 8;
    %pushi/vec4 1, 0, 2;
    %assign/vec4 v0x6197476e0860_0, 0;
T_14.4 ;
    %jmp T_14.3;
T_14.1 ;
    %pushi/vec4 0, 0, 1;
    %assign/vec4 v0x6197476e06e0_0, 0;
    %pushi/vec4 2, 0, 2;
    %assign/vec4 v0x6197476e0860_0, 0;
    %pushi/vec4 0, 0, 4;
    %assign/vec4 v0x6197476dff40_0, 0;
    %jmp T_14.3;
T_14.2 ;
    %load/vec4 v0x6197476e00f0_0;
    %load/vec4 v0x6197476dff40_0;
    %part/u 1;
    %assign/vec4 v0x6197476e06e0_0, 0;
    %load/vec4 v0x6197476dff40_0;
    %addi 1, 0, 4;
    %assign/vec4 v0x6197476dff40_0, 0;
    %load/vec4 v0x6197476dff40_0;
    %cmpi/e 7, 0, 4;
    %jmp/0xz  T_14.6, 4;
    %pushi/vec4 3, 0, 2;
    %assign/vec4 v0x6197476e0860_0, 0;
T_14.6 ;
    %jmp T_14.3;
T_14.3 ;
    %pop/vec4 1;
    %jmp T_14;
    .thread T_14;
    .scope S_0x6197476dfae0;
T_15 ;
    %wait E_0x61974766ed70;
    %load/vec4 v0x6197476e0860_0;
    %dup/vec4;
    %pushi/vec4 0, 0, 2;
    %cmp/u;
    %jmp/1 T_15.0, 6;
    %dup/vec4;
    %pushi/vec4 1, 0, 2;
    %cmp/u;
    %jmp/1 T_15.1, 6;
    %dup/vec4;
    %pushi/vec4 2, 0, 2;
    %cmp/u;
    %jmp/1 T_15.2, 6;
    %dup/vec4;
    %pushi/vec4 3, 0, 2;
    %cmp/u;
    %jmp/1 T_15.3, 6;
    %jmp T_15.4;
T_15.0 ;
    %pushi/vec4 0, 0, 1;
    %assign/vec4 v0x6197476e0590_0, 0;
    %load/vec4 v0x6197476e0350_0;
    %flag_set/vec4 8;
    %jmp/0xz  T_15.5, 8;
    %pushi/vec4 1, 0, 1;
    %assign/vec4 v0x6197476e0020_0, 0;
    %pushi/vec4 1, 0, 1;
    %assign/vec4 v0x6197476e07a0_0, 0;
T_15.5 ;
    %jmp T_15.4;
T_15.1 ;
    %pushi/vec4 0, 0, 1;
    %assign/vec4 v0x6197476e07a0_0, 0;
    %pushi/vec4 0, 0, 1;
    %assign/vec4 v0x6197476e06e0_0, 0;
    %jmp T_15.4;
T_15.2 ;
    %load/vec4 v0x6197476e00f0_0;
    %load/vec4 v0x6197476dff40_0;
    %part/u 1;
    %assign/vec4 v0x6197476e06e0_0, 0;
    %jmp T_15.4;
T_15.3 ;
    %pushi/vec4 1, 0, 1;
    %assign/vec4 v0x6197476e0590_0, 0;
    %pushi/vec4 0, 0, 2;
    %assign/vec4 v0x6197476e0860_0, 0;
    %pushi/vec4 1, 0, 1;
    %assign/vec4 v0x6197476e06e0_0, 0;
    %pushi/vec4 0, 0, 1;
    %assign/vec4 v0x6197476e07a0_0, 0;
    %pushi/vec4 0, 0, 1;
    %assign/vec4 v0x6197476e0020_0, 0;
    %jmp T_15.4;
T_15.4 ;
    %pop/vec4 1;
    %jmp T_15;
    .thread T_15;
    .scope S_0x6197476df740;
T_16 ;
    %wait E_0x61974766ed70;
    %load/vec4 v0x6197476e0e20_0;
    %pad/u 32;
    %cmpi/u 434, 0, 32;
    %jmp/0xz  T_16.0, 5;
    %load/vec4 v0x6197476e0e20_0;
    %addi 1, 0, 9;
    %assign/vec4 v0x6197476e0e20_0, 0;
T_16.0 ;
    %load/vec4 v0x6197476e0e20_0;
    %pad/u 32;
    %cmpi/e 434, 0, 32;
    %jmp/0xz  T_16.2, 4;
    %load/vec4 v0x6197476e0c80_0;
    %inv;
    %assign/vec4 v0x6197476e0c80_0, 0;
    %pushi/vec4 0, 0, 9;
    %assign/vec4 v0x6197476e0e20_0, 0;
T_16.2 ;
    %jmp T_16;
    .thread T_16;
    .scope S_0x6197476df740;
T_17 ;
    %wait E_0x61974766ed70;
    %load/vec4 v0x6197476e1a00_0;
    %load/vec4 v0x6197476e12c0_0;
    %or;
    %flag_set/vec4 8;
    %jmp/0xz  T_17.0, 8;
    %pushi/vec4 7, 0, 3;
    %assign/vec4 v0x6197476e1e80_0, 0;
    %pushi/vec4 1, 0, 1;
    %assign/vec4 v0x6197476e0ae0_0, 0;
    %pushi/vec4 0, 0, 1;
    %assign/vec4 v0x6197476e12c0_0, 0;
    %pushi/vec4 0, 0, 1;
    %assign/vec4 v0x6197476e0c80_0, 0;
    %pushi/vec4 0, 0, 9;
    %assign/vec4 v0x6197476e0e20_0, 0;
    %jmp T_17.1;
T_17.0 ;
    %load/vec4 v0x6197476e1aa0_0;
    %flag_set/vec4 8;
    %jmp/0xz  T_17.2, 8;
    %load/vec4 v0x6197476e16e0_0;
    %assign/vec4 v0x6197476e17d0_0, 0;
    %load/vec4 v0x6197476e1530_0;
    %assign/vec4 v0x6197476e1620_0, 0;
    %load/vec4 v0x6197476e1380_0;
    %assign/vec4 v0x6197476e1470_0, 0;
    %load/vec4 v0x6197476e16e0_0;
    %parti/s 8, 0, 2;
    %assign/vec4 v0x6197476e1030_0, 0;
    %pushi/vec4 1, 0, 1;
    %assign/vec4 v0x6197476e0ae0_0, 0;
    %pushi/vec4 1, 0, 1;
    %assign/vec4 v0x6197476e1200_0, 0;
    %pushi/vec4 0, 0, 1;
    %assign/vec4 v0x6197476e0c80_0, 0;
    %pushi/vec4 0, 0, 9;
    %assign/vec4 v0x6197476e0e20_0, 0;
    %jmp T_17.3;
T_17.2 ;
    %load/vec4 v0x6197476e1200_0;
    %flag_set/vec4 8;
    %jmp/0xz  T_17.4, 8;
    %pushi/vec4 0, 0, 3;
    %assign/vec4 v0x6197476e1e80_0, 0;
    %pushi/vec4 0, 0, 1;
    %assign/vec4 v0x6197476e1200_0, 0;
    %pushi/vec4 0, 0, 1;
    %assign/vec4 v0x6197476e0ae0_0, 0;
T_17.4 ;
    %load/vec4 v0x6197476e1e80_0;
    %cmpi/e 0, 0, 3;
    %jmp/0xz  T_17.6, 4;
    %load/vec4 v0x6197476e0ec0_0;
    %nor/r;
    %load/vec4 v0x6197476e1b40_0;
    %nor/r;
    %and;
    %flag_set/vec4 8;
    %jmp/0xz  T_17.8, 8;
    %pushi/vec4 1, 0, 1;
    %assign/vec4 v0x6197476e1890_0, 0;
    %pushi/vec4 0, 0, 1;
    %assign/vec4 v0x6197476e1960_0, 0;
    %jmp T_17.9;
T_17.8 ;
    %load/vec4 v0x6197476e0ec0_0;
    %flag_set/vec4 8;
    %jmp/0xz  T_17.10, 8;
    %pushi/vec4 1, 0, 1;
    %assign/vec4 v0x6197476e1960_0, 0;
    %load/vec4 v0x6197476e1960_0;
    %pad/u 32;
    %cmpi/e 0, 0, 32;
    %jmp/0xz  T_17.12, 4;
    %pushi/vec4 0, 0, 1;
    %assign/vec4 v0x6197476e1890_0, 0;
T_17.12 ;
T_17.10 ;
T_17.9 ;
    %load/vec4 v0x6197476e1b40_0;
    %flag_set/vec4 8;
    %jmp/0xz  T_17.14, 8;
    %pushi/vec4 1, 0, 3;
    %assign/vec4 v0x6197476e1e80_0, 0;
    %pushi/vec4 1, 0, 1;
    %assign/vec4 v0x6197476e0ae0_0, 0;
    %load/vec4 v0x6197476e17d0_0;
    %parti/s 8, 8, 5;
    %assign/vec4 v0x6197476e1030_0, 0;
T_17.14 ;
T_17.6 ;
    %load/vec4 v0x6197476e1e80_0;
    %cmpi/e 1, 0, 3;
    %jmp/0xz  T_17.16, 4;
    %load/vec4 v0x6197476e0ae0_0;
    %flag_set/vec4 8;
    %jmp/0xz  T_17.18, 8;
    %pushi/vec4 0, 0, 1;
    %assign/vec4 v0x6197476e0ae0_0, 0;
    %jmp T_17.19;
T_17.18 ;
    %load/vec4 v0x6197476e0ec0_0;
    %nor/r;
    %load/vec4 v0x6197476e1b40_0;
    %nor/r;
    %and;
    %flag_set/vec4 8;
    %jmp/0xz  T_17.20, 8;
    %pushi/vec4 1, 0, 1;
    %assign/vec4 v0x6197476e1890_0, 0;
    %jmp T_17.21;
T_17.20 ;
    %load/vec4 v0x6197476e0ec0_0;
    %flag_set/vec4 8;
    %jmp/0xz  T_17.22, 8;
    %pushi/vec4 0, 0, 1;
    %assign/vec4 v0x6197476e1890_0, 0;
T_17.22 ;
T_17.21 ;
    %load/vec4 v0x6197476e1b40_0;
    %flag_set/vec4 8;
    %jmp/0xz  T_17.24, 8;
    %pushi/vec4 2, 0, 3;
    %assign/vec4 v0x6197476e1e80_0, 0;
    %pushi/vec4 1, 0, 1;
    %assign/vec4 v0x6197476e0ae0_0, 0;
    %load/vec4 v0x6197476e1620_0;
    %parti/s 8, 0, 2;
    %assign/vec4 v0x6197476e1030_0, 0;
T_17.24 ;
T_17.19 ;
T_17.16 ;
    %load/vec4 v0x6197476e1e80_0;
    %cmpi/e 2, 0, 3;
    %jmp/0xz  T_17.26, 4;
    %load/vec4 v0x6197476e0ae0_0;
    %flag_set/vec4 8;
    %jmp/0xz  T_17.28, 8;
    %pushi/vec4 0, 0, 1;
    %assign/vec4 v0x6197476e0ae0_0, 0;
    %jmp T_17.29;
T_17.28 ;
    %load/vec4 v0x6197476e0ec0_0;
    %nor/r;
    %load/vec4 v0x6197476e1b40_0;
    %nor/r;
    %and;
    %flag_set/vec4 8;
    %jmp/0xz  T_17.30, 8;
    %pushi/vec4 1, 0, 1;
    %assign/vec4 v0x6197476e1890_0, 0;
    %jmp T_17.31;
T_17.30 ;
    %load/vec4 v0x6197476e0ec0_0;
    %flag_set/vec4 8;
    %jmp/0xz  T_17.32, 8;
    %pushi/vec4 0, 0, 1;
    %assign/vec4 v0x6197476e1890_0, 0;
T_17.32 ;
T_17.31 ;
    %load/vec4 v0x6197476e1b40_0;
    %flag_set/vec4 8;
    %jmp/0xz  T_17.34, 8;
    %pushi/vec4 3, 0, 3;
    %assign/vec4 v0x6197476e1e80_0, 0;
    %pushi/vec4 1, 0, 1;
    %assign/vec4 v0x6197476e0ae0_0, 0;
    %load/vec4 v0x6197476e1620_0;
    %parti/s 8, 8, 5;
    %assign/vec4 v0x6197476e1030_0, 0;
T_17.34 ;
T_17.29 ;
T_17.26 ;
    %load/vec4 v0x6197476e1e80_0;
    %cmpi/e 3, 0, 3;
    %jmp/0xz  T_17.36, 4;
    %load/vec4 v0x6197476e0ae0_0;
    %flag_set/vec4 8;
    %jmp/0xz  T_17.38, 8;
    %pushi/vec4 0, 0, 1;
    %assign/vec4 v0x6197476e0ae0_0, 0;
    %jmp T_17.39;
T_17.38 ;
    %load/vec4 v0x6197476e0ec0_0;
    %nor/r;
    %load/vec4 v0x6197476e1b40_0;
    %nor/r;
    %and;
    %flag_set/vec4 8;
    %jmp/0xz  T_17.40, 8;
    %pushi/vec4 1, 0, 1;
    %assign/vec4 v0x6197476e1890_0, 0;
    %jmp T_17.41;
T_17.40 ;
    %load/vec4 v0x6197476e0ec0_0;
    %flag_set/vec4 8;
    %jmp/0xz  T_17.42, 8;
    %pushi/vec4 0, 0, 1;
    %assign/vec4 v0x6197476e1890_0, 0;
T_17.42 ;
T_17.41 ;
    %load/vec4 v0x6197476e1b40_0;
    %flag_set/vec4 8;
    %jmp/0xz  T_17.44, 8;
    %pushi/vec4 4, 0, 3;
    %assign/vec4 v0x6197476e1e80_0, 0;
    %pushi/vec4 1, 0, 1;
    %assign/vec4 v0x6197476e0ae0_0, 0;
    %load/vec4 v0x6197476e1470_0;
    %parti/s 8, 0, 2;
    %assign/vec4 v0x6197476e1030_0, 0;
T_17.44 ;
T_17.39 ;
T_17.36 ;
    %load/vec4 v0x6197476e1e80_0;
    %cmpi/e 4, 0, 3;
    %jmp/0xz  T_17.46, 4;
    %load/vec4 v0x6197476e0ae0_0;
    %flag_set/vec4 8;
    %jmp/0xz  T_17.48, 8;
    %pushi/vec4 0, 0, 1;
    %assign/vec4 v0x6197476e0ae0_0, 0;
    %jmp T_17.49;
T_17.48 ;
    %load/vec4 v0x6197476e0ec0_0;
    %nor/r;
    %load/vec4 v0x6197476e1b40_0;
    %nor/r;
    %and;
    %flag_set/vec4 8;
    %jmp/0xz  T_17.50, 8;
    %pushi/vec4 1, 0, 1;
    %assign/vec4 v0x6197476e1890_0, 0;
    %jmp T_17.51;
T_17.50 ;
    %load/vec4 v0x6197476e0ec0_0;
    %flag_set/vec4 8;
    %jmp/0xz  T_17.52, 8;
    %pushi/vec4 0, 0, 1;
    %assign/vec4 v0x6197476e1890_0, 0;
T_17.52 ;
T_17.51 ;
    %load/vec4 v0x6197476e1b40_0;
    %flag_set/vec4 8;
    %jmp/0xz  T_17.54, 8;
    %pushi/vec4 5, 0, 3;
    %assign/vec4 v0x6197476e1e80_0, 0;
    %pushi/vec4 1, 0, 1;
    %assign/vec4 v0x6197476e0ae0_0, 0;
    %load/vec4 v0x6197476e1470_0;
    %parti/s 8, 8, 5;
    %assign/vec4 v0x6197476e1030_0, 0;
T_17.54 ;
T_17.49 ;
T_17.46 ;
    %load/vec4 v0x6197476e1e80_0;
    %cmpi/e 5, 0, 3;
    %jmp/0xz  T_17.56, 4;
    %pushi/vec4 1, 0, 1;
    %assign/vec4 v0x6197476e12c0_0, 0;
T_17.56 ;
T_17.3 ;
T_17.1 ;
    %jmp T_17;
    .thread T_17;
    .scope S_0x619747628ad0;
T_18 ;
    %pushi/vec4 0, 0, 1;
    %store/vec4 v0x6197476e2da0_0, 0, 1;
    %pushi/vec4 1, 0, 1;
    %store/vec4 v0x6197476e2f70_0, 0, 1;
    %delay 50000, 0;
    %pushi/vec4 0, 0, 1;
    %store/vec4 v0x6197476e2f70_0, 0, 1;
T_18.0 ;
    %delay 5000, 0;
    %load/vec4 v0x6197476e2da0_0;
    %inv;
    %store/vec4 v0x6197476e2da0_0, 0, 1;
    %jmp T_18.0;
    %end;
    .thread T_18;
    .scope S_0x619747628ad0;
T_19 ;
    %pushi/vec4 1, 0, 1;
    %store/vec4 v0x6197476e2e60_0, 0, 1;
    %delay 100000000, 0;
    %pushi/vec4 85, 0, 8;
    %store/vec4 v0x6197476e2be0_0, 0, 8;
    %fork TD_tb_topModule.uart_send_byte, S_0x6197476e29e0;
    %join;
    %pushi/vec4 170, 0, 8;
    %store/vec4 v0x6197476e2be0_0, 0, 8;
    %fork TD_tb_topModule.uart_send_byte, S_0x6197476e29e0;
    %join;
    %pushi/vec4 33, 0, 8;
    %store/vec4 v0x6197476e2be0_0, 0, 8;
    %fork TD_tb_topModule.uart_send_byte, S_0x6197476e29e0;
    %join;
    %pushi/vec4 246, 0, 8;
    %store/vec4 v0x6197476e2be0_0, 0, 8;
    %fork TD_tb_topModule.uart_send_byte, S_0x6197476e29e0;
    %join;
    %pushi/vec4 104, 0, 8;
    %store/vec4 v0x6197476e2be0_0, 0, 8;
    %fork TD_tb_topModule.uart_send_byte, S_0x6197476e29e0;
    %join;
    %pushi/vec4 11, 0, 8;
    %store/vec4 v0x6197476e2be0_0, 0, 8;
    %fork TD_tb_topModule.uart_send_byte, S_0x6197476e29e0;
    %join;
    %pushi/vec4 184, 0, 8;
    %store/vec4 v0x6197476e2be0_0, 0, 8;
    %fork TD_tb_topModule.uart_send_byte, S_0x6197476e29e0;
    %join;
    %pushi/vec4 148, 0, 8;
    %store/vec4 v0x6197476e2be0_0, 0, 8;
    %fork TD_tb_topModule.uart_send_byte, S_0x6197476e29e0;
    %join;
    %pushi/vec4 188, 0, 8;
    %store/vec4 v0x6197476e2be0_0, 0, 8;
    %fork TD_tb_topModule.uart_send_byte, S_0x6197476e29e0;
    %join;
    %pushi/vec4 4, 0, 8;
    %store/vec4 v0x6197476e2be0_0, 0, 8;
    %fork TD_tb_topModule.uart_send_byte, S_0x6197476e29e0;
    %join;
    %pushi/vec4 40, 0, 8;
    %store/vec4 v0x6197476e2be0_0, 0, 8;
    %fork TD_tb_topModule.uart_send_byte, S_0x6197476e29e0;
    %join;
    %pushi/vec4 226, 0, 8;
    %store/vec4 v0x6197476e2be0_0, 0, 8;
    %fork TD_tb_topModule.uart_send_byte, S_0x6197476e29e0;
    %join;
    %pushi/vec4 141, 0, 8;
    %store/vec4 v0x6197476e2be0_0, 0, 8;
    %fork TD_tb_topModule.uart_send_byte, S_0x6197476e29e0;
    %join;
    %pushi/vec4 241, 0, 8;
    %store/vec4 v0x6197476e2be0_0, 0, 8;
    %fork TD_tb_topModule.uart_send_byte, S_0x6197476e29e0;
    %join;
    %pushi/vec4 171, 0, 8;
    %store/vec4 v0x6197476e2be0_0, 0, 8;
    %fork TD_tb_topModule.uart_send_byte, S_0x6197476e29e0;
    %join;
    %pushi/vec4 54, 0, 8;
    %store/vec4 v0x6197476e2be0_0, 0, 8;
    %fork TD_tb_topModule.uart_send_byte, S_0x6197476e29e0;
    %join;
    %pushi/vec4 50, 0, 8;
    %store/vec4 v0x6197476e2be0_0, 0, 8;
    %fork TD_tb_topModule.uart_send_byte, S_0x6197476e29e0;
    %join;
    %pushi/vec4 1, 0, 8;
    %store/vec4 v0x6197476e2be0_0, 0, 8;
    %fork TD_tb_topModule.uart_send_byte, S_0x6197476e29e0;
    %join;
    %pushi/vec4 173, 0, 8;
    %store/vec4 v0x6197476e2be0_0, 0, 8;
    %fork TD_tb_topModule.uart_send_byte, S_0x6197476e29e0;
    %join;
    %pushi/vec4 183, 0, 8;
    %store/vec4 v0x6197476e2be0_0, 0, 8;
    %fork TD_tb_topModule.uart_send_byte, S_0x6197476e29e0;
    %join;
    %pushi/vec4 76, 0, 8;
    %store/vec4 v0x6197476e2be0_0, 0, 8;
    %fork TD_tb_topModule.uart_send_byte, S_0x6197476e29e0;
    %join;
    %pushi/vec4 219, 0, 8;
    %store/vec4 v0x6197476e2be0_0, 0, 8;
    %fork TD_tb_topModule.uart_send_byte, S_0x6197476e29e0;
    %join;
    %pushi/vec4 134, 0, 8;
    %store/vec4 v0x6197476e2be0_0, 0, 8;
    %fork TD_tb_topModule.uart_send_byte, S_0x6197476e29e0;
    %join;
    %pushi/vec4 68, 0, 8;
    %store/vec4 v0x6197476e2be0_0, 0, 8;
    %fork TD_tb_topModule.uart_send_byte, S_0x6197476e29e0;
    %join;
    %pushi/vec4 24, 0, 8;
    %store/vec4 v0x6197476e2be0_0, 0, 8;
    %fork TD_tb_topModule.uart_send_byte, S_0x6197476e29e0;
    %join;
    %pushi/vec4 189, 0, 8;
    %store/vec4 v0x6197476e2be0_0, 0, 8;
    %fork TD_tb_topModule.uart_send_byte, S_0x6197476e29e0;
    %join;
    %pushi/vec4 230, 0, 8;
    %store/vec4 v0x6197476e2be0_0, 0, 8;
    %fork TD_tb_topModule.uart_send_byte, S_0x6197476e29e0;
    %join;
    %pushi/vec4 125, 0, 8;
    %store/vec4 v0x6197476e2be0_0, 0, 8;
    %fork TD_tb_topModule.uart_send_byte, S_0x6197476e29e0;
    %join;
    %pushi/vec4 243, 0, 8;
    %store/vec4 v0x6197476e2be0_0, 0, 8;
    %fork TD_tb_topModule.uart_send_byte, S_0x6197476e29e0;
    %join;
    %pushi/vec4 1, 0, 8;
    %store/vec4 v0x6197476e2be0_0, 0, 8;
    %fork TD_tb_topModule.uart_send_byte, S_0x6197476e29e0;
    %join;
    %pushi/vec4 59, 0, 8;
    %store/vec4 v0x6197476e2be0_0, 0, 8;
    %fork TD_tb_topModule.uart_send_byte, S_0x6197476e29e0;
    %join;
    %pushi/vec4 35, 0, 8;
    %store/vec4 v0x6197476e2be0_0, 0, 8;
    %fork TD_tb_topModule.uart_send_byte, S_0x6197476e29e0;
    %join;
    %pushi/vec4 13, 0, 8;
    %store/vec4 v0x6197476e2be0_0, 0, 8;
    %fork TD_tb_topModule.uart_send_byte, S_0x6197476e29e0;
    %join;
    %pushi/vec4 1, 0, 8;
    %store/vec4 v0x6197476e2be0_0, 0, 8;
    %fork TD_tb_topModule.uart_send_byte, S_0x6197476e29e0;
    %join;
    %pushi/vec4 178, 0, 8;
    %store/vec4 v0x6197476e2be0_0, 0, 8;
    %fork TD_tb_topModule.uart_send_byte, S_0x6197476e29e0;
    %join;
    %pushi/vec4 0, 0, 8;
    %store/vec4 v0x6197476e2be0_0, 0, 8;
    %fork TD_tb_topModule.uart_send_byte, S_0x6197476e29e0;
    %join;
    %pushi/vec4 150, 0, 8;
    %store/vec4 v0x6197476e2be0_0, 0, 8;
    %fork TD_tb_topModule.uart_send_byte, S_0x6197476e29e0;
    %join;
    %pushi/vec4 231, 0, 8;
    %store/vec4 v0x6197476e2be0_0, 0, 8;
    %fork TD_tb_topModule.uart_send_byte, S_0x6197476e29e0;
    %join;
    %pushi/vec4 58, 0, 8;
    %store/vec4 v0x6197476e2be0_0, 0, 8;
    %fork TD_tb_topModule.uart_send_byte, S_0x6197476e29e0;
    %join;
    %pushi/vec4 166, 0, 8;
    %store/vec4 v0x6197476e2be0_0, 0, 8;
    %fork TD_tb_topModule.uart_send_byte, S_0x6197476e29e0;
    %join;
    %pushi/vec4 11, 0, 8;
    %store/vec4 v0x6197476e2be0_0, 0, 8;
    %fork TD_tb_topModule.uart_send_byte, S_0x6197476e29e0;
    %join;
    %pushi/vec4 3, 0, 8;
    %store/vec4 v0x6197476e2be0_0, 0, 8;
    %fork TD_tb_topModule.uart_send_byte, S_0x6197476e29e0;
    %join;
    %pushi/vec4 237, 0, 8;
    %store/vec4 v0x6197476e2be0_0, 0, 8;
    %fork TD_tb_topModule.uart_send_byte, S_0x6197476e29e0;
    %join;
    %pushi/vec4 2, 0, 8;
    %store/vec4 v0x6197476e2be0_0, 0, 8;
    %fork TD_tb_topModule.uart_send_byte, S_0x6197476e29e0;
    %join;
    %pushi/vec4 202, 0, 8;
    %store/vec4 v0x6197476e2be0_0, 0, 8;
    %fork TD_tb_topModule.uart_send_byte, S_0x6197476e29e0;
    %join;
    %pushi/vec4 121, 0, 8;
    %store/vec4 v0x6197476e2be0_0, 0, 8;
    %fork TD_tb_topModule.uart_send_byte, S_0x6197476e29e0;
    %join;
    %pushi/vec4 192, 0, 8;
    %store/vec4 v0x6197476e2be0_0, 0, 8;
    %fork TD_tb_topModule.uart_send_byte, S_0x6197476e29e0;
    %join;
    %pushi/vec4 3, 0, 8;
    %store/vec4 v0x6197476e2be0_0, 0, 8;
    %fork TD_tb_topModule.uart_send_byte, S_0x6197476e29e0;
    %join;
    %pushi/vec4 139, 0, 8;
    %store/vec4 v0x6197476e2be0_0, 0, 8;
    %fork TD_tb_topModule.uart_send_byte, S_0x6197476e29e0;
    %join;
    %pushi/vec4 186, 0, 8;
    %store/vec4 v0x6197476e2be0_0, 0, 8;
    %fork TD_tb_topModule.uart_send_byte, S_0x6197476e29e0;
    %join;
    %pushi/vec4 114, 0, 8;
    %store/vec4 v0x6197476e2be0_0, 0, 8;
    %fork TD_tb_topModule.uart_send_byte, S_0x6197476e29e0;
    %join;
    %pushi/vec4 0, 0, 8;
    %store/vec4 v0x6197476e2be0_0, 0, 8;
    %fork TD_tb_topModule.uart_send_byte, S_0x6197476e29e0;
    %join;
    %pushi/vec4 228, 0, 8;
    %store/vec4 v0x6197476e2be0_0, 0, 8;
    %fork TD_tb_topModule.uart_send_byte, S_0x6197476e29e0;
    %join;
    %pushi/vec4 3, 0, 8;
    %store/vec4 v0x6197476e2be0_0, 0, 8;
    %fork TD_tb_topModule.uart_send_byte, S_0x6197476e29e0;
    %join;
    %pushi/vec4 161, 0, 8;
    %store/vec4 v0x6197476e2be0_0, 0, 8;
    %fork TD_tb_topModule.uart_send_byte, S_0x6197476e29e0;
    %join;
    %pushi/vec4 94, 0, 8;
    %store/vec4 v0x6197476e2be0_0, 0, 8;
    %fork TD_tb_topModule.uart_send_byte, S_0x6197476e29e0;
    %join;
    %pushi/vec4 153, 0, 8;
    %store/vec4 v0x6197476e2be0_0, 0, 8;
    %fork TD_tb_topModule.uart_send_byte, S_0x6197476e29e0;
    %join;
    %pushi/vec4 23, 0, 8;
    %store/vec4 v0x6197476e2be0_0, 0, 8;
    %fork TD_tb_topModule.uart_send_byte, S_0x6197476e29e0;
    %join;
    %pushi/vec4 252, 0, 8;
    %store/vec4 v0x6197476e2be0_0, 0, 8;
    %fork TD_tb_topModule.uart_send_byte, S_0x6197476e29e0;
    %join;
    %pushi/vec4 42, 0, 8;
    %store/vec4 v0x6197476e2be0_0, 0, 8;
    %fork TD_tb_topModule.uart_send_byte, S_0x6197476e29e0;
    %join;
    %pushi/vec4 37, 0, 8;
    %store/vec4 v0x6197476e2be0_0, 0, 8;
    %fork TD_tb_topModule.uart_send_byte, S_0x6197476e29e0;
    %join;
    %pushi/vec4 0, 0, 8;
    %store/vec4 v0x6197476e2be0_0, 0, 8;
    %fork TD_tb_topModule.uart_send_byte, S_0x6197476e29e0;
    %join;
    %pushi/vec4 98, 0, 8;
    %store/vec4 v0x6197476e2be0_0, 0, 8;
    %fork TD_tb_topModule.uart_send_byte, S_0x6197476e29e0;
    %join;
    %pushi/vec4 1, 0, 8;
    %store/vec4 v0x6197476e2be0_0, 0, 8;
    %fork TD_tb_topModule.uart_send_byte, S_0x6197476e29e0;
    %join;
    %pushi/vec4 183, 0, 8;
    %store/vec4 v0x6197476e2be0_0, 0, 8;
    %fork TD_tb_topModule.uart_send_byte, S_0x6197476e29e0;
    %join;
    %pushi/vec4 128, 0, 8;
    %store/vec4 v0x6197476e2be0_0, 0, 8;
    %fork TD_tb_topModule.uart_send_byte, S_0x6197476e29e0;
    %join;
    %pushi/vec4 69, 0, 8;
    %store/vec4 v0x6197476e2be0_0, 0, 8;
    %fork TD_tb_topModule.uart_send_byte, S_0x6197476e29e0;
    %join;
    %pushi/vec4 60, 0, 8;
    %store/vec4 v0x6197476e2be0_0, 0, 8;
    %fork TD_tb_topModule.uart_send_byte, S_0x6197476e29e0;
    %join;
    %pushi/vec4 73, 0, 8;
    %store/vec4 v0x6197476e2be0_0, 0, 8;
    %fork TD_tb_topModule.uart_send_byte, S_0x6197476e29e0;
    %join;
    %pushi/vec4 2, 0, 8;
    %store/vec4 v0x6197476e2be0_0, 0, 8;
    %fork TD_tb_topModule.uart_send_byte, S_0x6197476e29e0;
    %join;
    %pushi/vec4 62, 0, 8;
    %store/vec4 v0x6197476e2be0_0, 0, 8;
    %fork TD_tb_topModule.uart_send_byte, S_0x6197476e29e0;
    %join;
    %delay 2000000000, 0;
    %vpi_call 2 187 "$finish" {0 0 0};
    %end;
    .thread T_19;
    .scope S_0x619747628ad0;
T_20 ;
    %vpi_call 2 192 "$dumpfile", "tb_topModule.vcd" {0 0 0};
    %vpi_call 2 193 "$dumpvars", 32'sb00000000000000000000000000000000, S_0x619747628ad0 {0 0 0};
    %end;
    .thread T_20;
# The file index is used to find the file name in the following table.
:file_names 4;
    "N/A";
    "<interactive>";
    "tb_topModule.v";
    "topModule.v";
